[debug] [2019-09-19T08:41:10.630Z] ----------------------------------------------------------------------
[debug] [2019-09-19T08:41:10.633Z] Command:       C:\Program Files\nodejs\node.exe C:\Users\MAX\AppData\Roaming\npm\node_modules\firebase-tools\lib\bin\firebase.js serve
[debug] [2019-09-19T08:41:10.634Z] CLI Version:   7.3.2
[debug] [2019-09-19T08:41:10.634Z] Platform:      win32
[debug] [2019-09-19T08:41:10.634Z] Node Version:  v8.11.3
[debug] [2019-09-19T08:41:10.635Z] Time:          Thu Sep 19 2019 15:41:10 GMT+0700 (SE Asia Standard Time)
[debug] [2019-09-19T08:41:10.635Z] ----------------------------------------------------------------------
[debug] 
[debug] [2019-09-19T08:41:10.646Z] > command requires scopes: ["email","openid","https://www.googleapis.com/auth/cloudplatformprojects.readonly","https://www.googleapis.com/auth/firebase","https://www.googleapis.com/auth/cloud-platform"]
[debug] [2019-09-19T08:41:10.647Z] > authorizing via signed-in user
[debug] [2019-09-19T08:41:10.647Z] [iam] checking project gama-project-4f638 for permissions ["firebase.projects.get"]
[debug] [2019-09-19T08:41:10.650Z] >>> HTTP REQUEST POST https://cloudresourcemanager.googleapis.com/v1/projects/gama-project-4f638:testIamPermissions  

[debug] [2019-09-19T08:41:12.036Z] <<< HTTP RESPONSE 200
[debug] [2019-09-19T08:41:12.041Z] >>> HTTP REQUEST GET https://firebase.googleapis.com/v1beta1/projects/gama-project-4f638  
 
[debug] [2019-09-19T08:41:12.511Z] <<< HTTP RESPONSE 200
[info] 
[info] === Serving from 'C:\xampp\htdocs\gama_project\client'...
[info] 
[debug] [2019-09-19T08:41:12.516Z] >>> HTTP REQUEST GET https://firebase.googleapis.com/v1beta1/projects/gama-project-4f638/webApps/-/config  
 
[debug] [2019-09-19T08:41:13.224Z] <<< HTTP RESPONSE 200
[info] i  hosting: Serving hosting files from: dist
[info] +  hosting: Local server: http://localhost:5000
